C:\Program Files\Microsoft Visual Studio\2022\Community\MSBuild\Microsoft\VC\v170\Microsoft.CppBuild.targets(534,5): warning MSB8028: O diretório intermediário (x64\Debug\) contém arquivos compartilhados de outro projeto (PacMan.vcxproj). Isso pode levar a um comportamento incorreto de limpeza e recompilação.
  compilation object save succeeded; see C:\Users\lucas\OneDrive\Área de Trabalho\Projeto-Jogos\PacMan\Shaders\Pixel.cso
  compilation object save succeeded; see C:\Users\lucas\OneDrive\Área de Trabalho\Projeto-Jogos\PacMan\Shaders\Vertex.cso
  Animation.cpp
  Engine.cpp
  Game.cpp
  GameOver.cpp
  Geometry.cpp
  Graphics.cpp
  Home.cpp
  Image.cpp
  Level1.cpp
  Object.cpp
  Jdungeon.cpp
  Pivot.cpp
  Player.cpp
  Renderer.cpp
  Scene.cpp
  Sprite.cpp
  Texture.cpp
  TileSet.cpp
  Timer.cpp
  Window.cpp
  Gerando Código...
  PacMan.vcxproj -> C:\Users\lucas\OneDrive\Área de Trabalho\Projeto-Jogos\x64\Debug\JuliasDungeon.exe
